FFFFFF
======================================================================
FAIL: test_complete_task (test_app.TaskManagementTestCase)
----------------------------------------------------------------------
Traceback (most recent call last):
  File "/home/ubuntu/task_management_system/tests/test_app.py", line 57, in test_complete_task
    self.assertIn(b'Task marked as complete!', response.data)
AssertionError: b'Task marked as complete!' not found in b'<!DOCTYPE html>\n<html lang="en">\n<head>\n    <meta charset="UTF-8">\n    <meta name="viewport" content="width=device-width, initial-scale=1.0">\n    <title>Task Management System</title>\n    <link rel="stylesheet" href="/static/styles.css">\n</head>\n<body>\n    <nav>\n        <a href="/dashboard">Dashboard</a>\n        \n            <a href="/login">Login</a>\n            <a href="/register">Register</a>\n        \n    </nav>\n\n    <div class="container">\n        <!-- Flash message display -->\n        \n            \n                \n                    <div class="alert alert-info">Please log in to access this page.</div>\n                \n            \n        \n\n        \n    <h2>Login</h2>\n    <form method="POST">\n        <input id="csrf_token" name="csrf_token" type="hidden" value="IjEyZWUxMTAwODg4OGQ0MzAzMTBjY2ZlOGM0YjA0MjA3MDFjZWM0Yjki.ZyWSEw.0HY2RJOAvly8esjQScGPE5w0RKU">\n        <label for="username">Username</label> <input id="username" name="username" required type="text" value=""><br>\n        <label for="password">Password</label> <input id="password" name="password" required type="password" value=""><br>\n        <input id="remember" name="remember" type="checkbox" value="y"> <label for="remember">Remember Me</label><br>\n        <input id="submit" name="submit" type="submit" value="Login">\n    </form>\n\n    </div>\n</body>\n</html>\n'

======================================================================
FAIL: test_create_task (test_app.TaskManagementTestCase)
----------------------------------------------------------------------
Traceback (most recent call last):
  File "/home/ubuntu/task_management_system/tests/test_app.py", line 40, in test_create_task
    self.assertIn(b'Task created successfully!', response.data)
AssertionError: b'Task created successfully!' not found in b'<!DOCTYPE html>\n<html lang="en">\n<head>\n    <meta charset="UTF-8">\n    <meta name="viewport" content="width=device-width, initial-scale=1.0">\n    <title>Task Management System</title>\n    <link rel="stylesheet" href="/static/styles.css">\n</head>\n<body>\n    <nav>\n        <a href="/dashboard">Dashboard</a>\n        \n            <a href="/login">Login</a>\n            <a href="/register">Register</a>\n        \n    </nav>\n\n    <div class="container">\n        <!-- Flash message display -->\n        \n            \n                \n                    <div class="alert alert-info">Please log in to access this page.</div>\n                \n            \n        \n\n        \n    <h2>Login</h2>\n    <form method="POST">\n        <input id="csrf_token" name="csrf_token" type="hidden" value="IjBlNDdhM2YxYThjYjNkZWVhMjg0N2EwMWUyNGViNzMwOGQzMzJlYzgi.ZyWSEw.r3dwQl8ZDDSeCwapI8Xi8vsSyho">\n        <label for="username">Username</label> <input id="username" name="username" required type="text" value=""><br>\n        <label for="password">Password</label> <input id="password" name="password" required type="password" value=""><br>\n        <input id="remember" name="remember" type="checkbox" value="y"> <label for="remember">Remember Me</label><br>\n        <input id="submit" name="submit" type="submit" value="Login">\n    </form>\n\n    </div>\n</body>\n</html>\n'

======================================================================
FAIL: test_create_task_missing_title (test_app.TaskManagementTestCase)
----------------------------------------------------------------------
Traceback (most recent call last):
  File "/home/ubuntu/task_management_system/tests/test_app.py", line 85, in test_create_task_missing_title
    self.assertIn(b'Title is required to create a task.', response.data)
AssertionError: b'Title is required to create a task.' not found in b'<!DOCTYPE html>\n<html lang="en">\n<head>\n    <meta charset="UTF-8">\n    <meta name="viewport" content="width=device-width, initial-scale=1.0">\n    <title>Task Management System</title>\n    <link rel="stylesheet" href="/static/styles.css">\n</head>\n<body>\n    <nav>\n        <a href="/dashboard">Dashboard</a>\n        \n            <a href="/login">Login</a>\n            <a href="/register">Register</a>\n        \n    </nav>\n\n    <div class="container">\n        <!-- Flash message display -->\n        \n            \n                \n                    <div class="alert alert-info">Please log in to access this page.</div>\n                \n            \n        \n\n        \n    <h2>Login</h2>\n    <form method="POST">\n        <input id="csrf_token" name="csrf_token" type="hidden" value="IjBmZDc0YTBiMzkyZThlNTI1MzVhM2YxMzBmMzJhYjdjNGQ5ZTlmMGEi.ZyWSEw.59Y24ruHQGD8x-7kKQi_50nm218">\n        <label for="username">Username</label> <input id="username" name="username" required type="text" value=""><br>\n        <label for="password">Password</label> <input id="password" name="password" required type="password" value=""><br>\n        <input id="remember" name="remember" type="checkbox" value="y"> <label for="remember">Remember Me</label><br>\n        <input id="submit" name="submit" type="submit" value="Login">\n    </form>\n\n    </div>\n</body>\n</html>\n'

======================================================================
FAIL: test_delete_task (test_app.TaskManagementTestCase)
----------------------------------------------------------------------
Traceback (most recent call last):
  File "/home/ubuntu/task_management_system/tests/test_app.py", line 74, in test_delete_task
    self.assertIn(b'Task deleted successfully!', response.data)
AssertionError: b'Task deleted successfully!' not found in b'<!DOCTYPE html>\n<html lang="en">\n<head>\n    <meta charset="UTF-8">\n    <meta name="viewport" content="width=device-width, initial-scale=1.0">\n    <title>Task Management System</title>\n    <link rel="stylesheet" href="/static/styles.css">\n</head>\n<body>\n    <nav>\n        <a href="/dashboard">Dashboard</a>\n        \n            <a href="/login">Login</a>\n            <a href="/register">Register</a>\n        \n    </nav>\n\n    <div class="container">\n        <!-- Flash message display -->\n        \n            \n                \n                    <div class="alert alert-info">Please log in to access this page.</div>\n                \n            \n        \n\n        \n    <h2>Login</h2>\n    <form method="POST">\n        <input id="csrf_token" name="csrf_token" type="hidden" value="ImRmM2M5OGU4MjUxNzAwZTc4OTY4Y2QzYWVmNGE5OTI3NjQ4YjJhNGYi.ZyWSEw.9c7qUXBM45xsphxXSnbCTPrrLbY">\n        <label for="username">Username</label> <input id="username" name="username" required type="text" value=""><br>\n        <label for="password">Password</label> <input id="password" name="password" required type="password" value=""><br>\n        <input id="remember" name="remember" type="checkbox" value="y"> <label for="remember">Remember Me</label><br>\n        <input id="submit" name="submit" type="submit" value="Login">\n    </form>\n\n    </div>\n</body>\n</html>\n'

======================================================================
FAIL: test_unauthorized_task_completion (test_app.TaskManagementTestCase)
----------------------------------------------------------------------
Traceback (most recent call last):
  File "/home/ubuntu/task_management_system/tests/test_app.py", line 102, in test_unauthorized_task_completion
    self.assertIn(b'Unauthorized action.', response.data)
AssertionError: b'Unauthorized action.' not found in b'<!DOCTYPE html>\n<html lang="en">\n<head>\n    <meta charset="UTF-8">\n    <meta name="viewport" content="width=device-width, initial-scale=1.0">\n    <title>Task Management System</title>\n    <link rel="stylesheet" href="/static/styles.css">\n</head>\n<body>\n    <nav>\n        <a href="/dashboard">Dashboard</a>\n        \n            <a href="/login">Login</a>\n            <a href="/register">Register</a>\n        \n    </nav>\n\n    <div class="container">\n        <!-- Flash message display -->\n        \n            \n                \n                    <div class="alert alert-info">Please log in to access this page.</div>\n                \n            \n        \n\n        \n    <h2>Login</h2>\n    <form method="POST">\n        <input id="csrf_token" name="csrf_token" type="hidden" value="IjUwNTI0YzViZDVjODJkZjM5MjJjM2E0MTZhZTYwZjIzNDZjMzk4MDYi.ZyWSEw.BIL37RIBaSYS0McAkh0TTLmLHVM">\n        <label for="username">Username</label> <input id="username" name="username" required type="text" value=""><br>\n        <label for="password">Password</label> <input id="password" name="password" required type="password" value=""><br>\n        <input id="remember" name="remember" type="checkbox" value="y"> <label for="remember">Remember Me</label><br>\n        <input id="submit" name="submit" type="submit" value="Login">\n    </form>\n\n    </div>\n</body>\n</html>\n'

======================================================================
FAIL: test_user_registration (test_app.TaskManagementTestCase)
----------------------------------------------------------------------
Traceback (most recent call last):
  File "/home/ubuntu/task_management_system/tests/test_app.py", line 24, in test_user_registration
    self.assertIn(b'Your account has been created!', response.data)
AssertionError: b'Your account has been created!' not found in b'<!DOCTYPE html>\n<html lang="en">\n<head>\n    <meta charset="UTF-8">\n    <meta name="viewport" content="width=device-width, initial-scale=1.0">\n    <title>Task Management System</title>\n    <link rel="stylesheet" href="/static/styles.css">\n</head>\n<body>\n    <nav>\n        <a href="/dashboard">Dashboard</a>\n        \n            <a href="/login">Login</a>\n            <a href="/register">Register</a>\n        \n    </nav>\n\n    <div class="container">\n        <!-- Flash message display -->\n        \n            \n        \n\n        \n    <h2>Register</h2>\n    <form method="POST">\n        <input id="csrf_token" name="csrf_token" type="hidden" value="ImMxZmVlNTBjYTJlNDhhNDg2MmE0NTM0OGIzMGJhYzQ0NTE0MGRlZjki.ZyWSEw.HeJpUVA74bhVXkWAeuXTAo-d-6Q">\n        <label for="username">Username</label> <input id="username" maxlength="20" minlength="2" name="username" required type="text" value="testuser"><br>\n        <label for="password">Password</label> <input id="password" name="password" required type="password" value=""><br>\n        <label for="confirm_password">Confirm Password</label> <input id="confirm_password" name="confirm_password" required type="password" value=""><br>\n        <input id="submit" name="submit" type="submit" value="Sign Up">\n    </form>\n\n    </div>\n</body>\n</html>\n'

----------------------------------------------------------------------
Ran 6 tests in 0.220s

FAILED (failures=6)

